\BOOKMARK [1][-]{section.1}{\376\377\000I\000n\000t\000r\000o\000d\000u\000c\000c\000i\000\363\000n}{}% 1
\BOOKMARK [1][-]{section.2}{\376\377\000O\000b\000j\000e\000t\000i\000v\000o\000s}{}% 2
\BOOKMARK [1][-]{section.3}{\376\377\000T\000a\000r\000e\000a}{}% 3
\BOOKMARK [1][-]{section.4}{\376\377\000E\000n\000t\000r\000e\000g\000a\000b\000l\000e\000s}{}% 4
\BOOKMARK [1][-]{section.5}{\376\377\000E\000q\000u\000i\000p\000o\000s\000,\000\040\000m\000a\000t\000e\000r\000i\000a\000l\000e\000s\000\040\000y\000\040\000t\000e\000m\000a\000s\000\040\000u\000t\000i\000l\000i\000z\000a\000d\000o\000s}{}% 5
\BOOKMARK [1][-]{section.6}{\376\377\000P\000r\000e\000g\000u\000n\000t\000a}{}% 6
\BOOKMARK [1][-]{section.7}{\376\377\000U\000R\000L\000\040\000d\000e\000\040\000R\000e\000p\000o\000s\000i\000t\000o\000r\000i\000o\000\040\000G\000i\000t\000h\000u\000b}{}% 7
\BOOKMARK [1][-]{section.8}{\376\377\000D\000e\000s\000a\000r\000r\000o\000l\000l\000o\000\040\000d\000e\000l\000\040\000t\000r\000a\000b\000a\000j\000o}{}% 8
\BOOKMARK [2][-]{subsection.8.1}{\376\377\000D\000e\000s\000a\000r\000r\000o\000l\000l\000o\000\040\000d\000e\000\040\000L\000a\000\040\000c\000l\000a\000s\000e\000\040\000N\000o\000d\000e}{section.8}% 9
\BOOKMARK [2][-]{subsection.8.2}{\376\377\000D\000e\000s\000a\000r\000r\000o\000l\000l\000o\000\040\000d\000e\000\040\000L\000a\000\040\000c\000l\000a\000s\000e\000\040\000A\000V\000L\000T\000r\000e\000e}{section.8}% 10
\BOOKMARK [3][-]{subsubsection.8.2.1}{\376\377\000M\000\351\000t\000o\000d\000o\000\040\000h\000e\000i\000g\000h\000t\000:\000\040}{subsection.8.2}% 11
\BOOKMARK [3][-]{subsubsection.8.2.2}{\376\377\000M\000\351\000t\000o\000d\000o\000\040\000m\000a\000x\000:\000\040}{subsection.8.2}% 12
\BOOKMARK [3][-]{subsubsection.8.2.3}{\376\377\000M\000\351\000t\000o\000d\000o\000\040\000r\000i\000g\000h\000t\000R\000o\000t\000a\000t\000e\000:\000\040}{subsection.8.2}% 13
\BOOKMARK [3][-]{subsubsection.8.2.4}{\376\377\000M\000\351\000t\000o\000d\000o\000\040\000l\000e\000f\000t\000R\000o\000t\000a\000t\000e\000:\000\040}{subsection.8.2}% 14
\BOOKMARK [3][-]{subsubsection.8.2.5}{\376\377\000M\000\351\000t\000o\000d\000o\000\040\000g\000e\000t\000B\000a\000l\000a\000n\000c\000e\000:\000\040}{subsection.8.2}% 15
\BOOKMARK [3][-]{subsubsection.8.2.6}{\376\377\000M\000\351\000t\000o\000d\000o\000\040\000I\000n\000s\000e\000r\000t\000a\000r\000:\000\040}{subsection.8.2}% 16
\BOOKMARK [3][-]{subsubsection.8.2.7}{\376\377\000M\000\351\000t\000o\000d\000o\000\040\000m\000i\000n\000V\000a\000l\000u\000e\000N\000o\000d\000e\000:\000\040}{subsection.8.2}% 17
\BOOKMARK [3][-]{subsubsection.8.2.8}{\376\377\000M\000\351\000t\000o\000d\000o\000\040\000m\000a\000x\000V\000a\000l\000u\000e\000N\000o\000d\000e\000:\000\040}{subsection.8.2}% 18
\BOOKMARK [3][-]{subsubsection.8.2.9}{\376\377\000M\000\351\000t\000o\000d\000o\000\040\000s\000e\000a\000r\000c\000h\000:\000\040}{subsection.8.2}% 19
\BOOKMARK [3][-]{subsubsection.8.2.10}{\376\377\000M\000\351\000t\000o\000d\000o\000\040\000g\000e\000t\000M\000i\000n\000:\000\040}{subsection.8.2}% 20
\BOOKMARK [3][-]{subsubsection.8.2.11}{\376\377\000M\000\351\000t\000o\000d\000o\000\040\000g\000e\000t\000M\000a\000x\000:\000\040}{subsection.8.2}% 21
\BOOKMARK [3][-]{subsubsection.8.2.12}{\376\377\000M\000\351\000t\000o\000d\000o\000\040\000p\000a\000r\000e\000n\000t\000:\000\040}{subsection.8.2}% 22
\BOOKMARK [3][-]{subsubsection.8.2.13}{\376\377\000M\000\351\000t\000o\000d\000o\000\040\000s\000o\000n\000:\000\040}{subsection.8.2}% 23
\BOOKMARK [2][-]{subsection.8.3}{\376\377\000C\000l\000a\000s\000e\000\040\000P\000r\000i\000n\000c\000i\000p\000a\000l\000\040\000M\000a\000i\000n}{section.8}% 24
\BOOKMARK [3][-]{subsubsection.8.3.1}{\376\377\000E\000j\000e\000c\000u\000c\000i\000\363\000n}{subsection.8.3}% 25
\BOOKMARK [1][-]{section.9}{\376\377\000R\000e\000c\000o\000m\000e\000n\000s\000a\000c\000i\000o\000n\000e\000s}{}% 26
\BOOKMARK [1][-]{section.10}{\376\377\000C\000o\000n\000c\000l\000u\000s\000i\000o\000n\000e\000s}{}% 27
\BOOKMARK [2][-]{subsection.10.1}{\376\377\000R\000\372\000b\000r\000i\000c\000a\000\040\000p\000a\000r\000a\000\040\000e\000l\000\040\000c\000o\000n\000t\000e\000n\000i\000d\000o\000\040\000d\000e\000l\000\040\000I\000n\000f\000o\000r\000m\000e\000\040\000y\000\040\000d\000e\000m\000o\000s\000t\000r\000a\000c\000i\000\363\000n}{section.10}% 28
\BOOKMARK [1][-]{section.11}{\376\377\000R\000e\000f\000e\000r\000e\000n\000c\000i\000a\000s}{}% 29
